setting 'ivy.default.settings.dir' to 'jar:file:/C:/lift/sbt/0.7.7/sbt-launch-0.7.7.jar!/org/apache/ivy/core/settings'
setting 'ivy.basedir' to 'C:\principiante\lift\.'
setting 'ivy.default.conf.dir' to 'jar:file:/C:/lift/sbt/0.7.7/sbt-launch-0.7.7.jar!/org/apache/ivy/core/settings'
impossible to define new type: class not found: org.apache.ivy.plugins.version.PatternVersionMatcher in [] nor Ivy classloader
impossible to define new type: class not found: org.apache.ivy.plugins.trigger.LogTrigger in [] nor Ivy classloader
impossible to define new type: class not found: org.apache.ivy.plugins.resolver.VsftpResolver in [] nor Ivy classloader
impossible to define new type: class not found: org.apache.ivy.plugins.conflict.RegexpConflictManager in [] nor Ivy classloader
impossible to define new type: class not found: org.apache.ivy.plugins.resolver.SshResolver in [] nor Ivy classloader
impossible to define new type: class not found: org.apache.ivy.plugins.resolver.VfsResolver in [] nor Ivy classloader
impossible to define new type: class not found: org.apache.ivy.plugins.signer.bouncycastle.OpenPGPSignatureGenerator in [] nor Ivy classloader
impossible to define new type: class not found: org.apache.ivy.plugins.resolver.SFTPResolver in [] nor Ivy classloader
impossible to define new type: class not found: org.apache.ivy.plugins.resolver.packager.PackagerResolver in [] nor Ivy classloader
impossible to define new type: class not found: org.apache.ivy.ant.AntCallTrigger in [] nor Ivy classloader
impossible to define new type: class not found: org.apache.ivy.plugins.resolver.IvyRepResolver in [] nor Ivy classloader
impossible to define new type: class not found: org.apache.ivy.ant.AntBuildTrigger in [] nor Ivy classloader
impossible to define glob matcher: org.apache.ivy.plugins.matcher.GlobPatternMatcher was not found.
setting 'java.runtime.name' to 'Java(TM) SE Runtime Environment'
setting 'sun.boot.library.path' to 'C:\Archivos de programa\Java\jre6\bin'
setting 'java.vm.version' to '14.3-b01'
setting 'java.vm.vendor' to 'Sun Microsystems Inc.'
setting 'java.vendor.url' to 'http://java.sun.com/'
setting 'path.separator' to ';'
setting 'java.vm.name' to 'Java HotSpot(TM) Client VM'
setting 'file.encoding.pkg' to 'sun.io'
setting 'sun.java.launcher' to 'SUN_STANDARD'
setting 'user.country' to 'US'
setting 'sun.os.patch.level' to 'Service Pack 3'
setting 'java.vm.specification.name' to 'Java Virtual Machine Specification'
setting 'user.dir' to 'C:\principiante\lift'
setting 'java.runtime.version' to '1.6.0_17-b04'
setting 'java.awt.graphicsenv' to 'sun.awt.Win32GraphicsEnvironment'
setting 'java.endorsed.dirs' to 'C:\Archivos de programa\Java\jre6\lib\endorsed'
setting 'os.arch' to 'x86'
setting 'com.zeroturnaround.bundled.org.apache.commons.logging.Log' to 'com.zeroturnaround.bundled.org.apache.commons.logging.impl.SimpleLog'
setting 'java.io.tmpdir' to 'C:\DOCUME~1\MARIA\CONFIG~1\Temp\'
setting 'line.separator' to '
'
setting 'java.vm.specification.vendor' to 'Sun Microsystems Inc.'
setting 'user.variant' to ''
setting 'os.name' to 'Windows XP'
setting 'sun.jnu.encoding' to 'Cp1252'
setting 'java.library.path' to 'C:\WINDOWS\system32;.;C:\WINDOWS\Sun\Java\bin;C:\WINDOWS\system32;C:\WINDOWS;C:\Ruby193\bin;c:\c:\Sun\Java\jdk1.6.0_14\bin;C:\PHP\;C:\WINDOWS\system32;C:\WINDOWS;C:\WINDOWS\System32\Wbem;c:\Sun\Java\jdk1.6.0_14\bin;C:\spring\springsource\apache-maven-3.0.3\bin;C:\apache-ant-1.8.2\bin;C:\Archivos de programa\cvsnt;C:\Archivos de programa\Archivos comunes\DivX Shared\;C:\Archivos de programa\SlikSvn\bin\;C:\apache-ant-1.8.2\bin;c:\curl;C:\Archivos de programa\Microsoft ASP.NET\ASP.NET Web Pages\v1.0\;C:\Ruby200\bin;C:\nodejs\;C:\Groovy\Groovy-2.1.3\bin;C:\grails\grails-2.2.2\bin;;C:\Griffon-1.3.0\bin;C:\lift\sbt\0.7.7;c:\mariodvd\lib;C:\Documents and Settings\MARIA\Datos de programa\npm;C:\Google\google_appengine\'
setting 'java.specification.name' to 'Java Platform API Specification'
setting 'java.class.version' to '50.0'
setting 'sun.management.compiler' to 'HotSpot Client Compiler'
setting 'os.version' to '5.1'
setting 'com.zeroturnaround.bundled.org.apache.commons.logging.simplelog.defaultlog' to 'off'
setting 'user.home' to 'C:\Documents and Settings\MARIA'
setting 'user.timezone' to 'America/Buenos_Aires'
setting 'java.awt.printerjob' to 'sun.awt.windows.WPrinterJob'
setting 'file.encoding' to 'Cp1252'
setting 'java.specification.version' to '1.6'
setting 'java.class.path' to 'C:\lift\sbt\0.7.7\sbt-launch-0.7.7.jar;c:/jrebel/jrebel.jar'
setting 'user.name' to 'MARIA'
setting 'java.vm.specification.version' to '1.0'
setting 'java.home' to 'C:\Archivos de programa\Java\jre6'
setting 'sun.arch.data.model' to '32'
setting 'user.language' to 'en'
setting 'java.specification.vendor' to 'Sun Microsystems Inc.'
setting 'awt.toolkit' to 'sun.awt.windows.WToolkit'
setting 'java.vm.info' to 'mixed mode'
setting 'java.version' to '1.6.0_17'
setting 'java.ext.dirs' to 'C:\Archivos de programa\Java\jre6\lib\ext;C:\WINDOWS\Sun\Java\lib\ext'
setting 'sun.boot.class.path' to 'C:\Archivos de programa\Java\jre6\lib\resources.jar;C:\Archivos de programa\Java\jre6\lib\rt.jar;C:\Archivos de programa\Java\jre6\lib\sunrsasign.jar;C:\Archivos de programa\Java\jre6\lib\jsse.jar;C:\Archivos de programa\Java\jre6\lib\jce.jar;C:\Archivos de programa\Java\jre6\lib\charsets.jar;C:\Archivos de programa\Java\jre6\classes;C:\jrebel\jrebel.jar'
setting 'java.vendor' to 'Sun Microsystems Inc.'
setting 'file.separator' to '\'
setting 'java.vendor.url.bug' to 'http://java.sun.com/cgi-bin/bugreport.cgi'
setting 'sun.io.unicode.encoding' to 'UnicodeLittle'
setting 'sun.cpu.endian' to 'little'
setting 'sun.desktop' to 'windows'
setting 'sun.cpu.isalist' to 'pentium_pro+mmx pentium_pro pentium+mmx pentium i486 i386 i86'
setting 'ivy.default.ivy.user.dir' to 'C:\Documents and Settings\MARIA\.ivy2'
setting 'ivy.home' to 'C:\Documents and Settings\MARIA\.ivy2'
no default ivy user dir defined: set to C:\Documents and Settings\MARIA\.ivy2
setting 'ivy.cache.dir' to 'C:\Documents and Settings\MARIA\.ivy2\cache'
no default cache defined: set to C:\Documents and Settings\MARIA\.ivy2\cache
setting 'ivy.basedir' to 'C:\principiante\lift\project\boot'
setting 'basedir' to 'C:\principiante\lift\project\boot'
setting 'scala' to '2.8.1'
:: resolving dependencies :: org.scala-tools.sbt#boot-scala;1.0
	confs: [default]
	validate = true
	refresh = false
resolving dependencies for configuration 'default'
== resolving dependencies for org.scala-tools.sbt#boot-scala;1.0 [default]
loadData of org.scala-tools.sbt#boot-scala;1.0 of rootConf=default
== resolving dependencies org.scala-tools.sbt#boot-scala;1.0->org.scala-lang#scala-compiler;2.8.1 [default->default]
loadData of org.scala-lang#scala-compiler;2.8.1 of rootConf=default
	using redefined-public to resolve org.scala-lang#scala-compiler;2.8.1
redefined-public: Checking cache for: dependency: org.scala-lang#scala-compiler;2.8.1 {default=[default, optional(default)]}
redefined-public: no namespace defined: using system
	no ivy file in cache for org.scala-lang#scala-compiler;2.8.1: tried C:\Documents and Settings\MARIA\.ivy2\cache\org.scala-lang\scala-compiler\ivy-2.8.1.xml
redefined-public: no latest strategy defined: using default
local: no namespace defined: using system
	no ivy file in cache for org.scala-lang#scala-compiler;2.8.1: tried C:\Documents and Settings\MARIA\.ivy2\cache\org.scala-lang\scala-compiler\ivy-2.8.1.xml
	 trying C:\Documents and Settings\MARIA\.ivy2/local/org.scala-lang/scala-compiler/2.8.1/ivys/ivy.xml
		tried C:\Documents and Settings\MARIA\.ivy2/local/org.scala-lang/scala-compiler/2.8.1/ivys/ivy.xml
	local: resource not reachable for org.scala-lang#scala-compiler;2.8.1: res=C:\Documents and Settings\MARIA\.ivy2\local\org.scala-lang\scala-compiler\2.8.1\ivys\ivy.xml
	 trying C:\Documents and Settings\MARIA\.ivy2/local/org.scala-lang/scala-compiler/2.8.1/jars/scala-compiler.jar
		tried C:\Documents and Settings\MARIA\.ivy2/local/org.scala-lang/scala-compiler/2.8.1/jars/scala-compiler.jar
	local: resource not reachable for org.scala-lang#scala-compiler;2.8.1: res=C:\Documents and Settings\MARIA\.ivy2\local\org.scala-lang\scala-compiler\2.8.1\jars\scala-compiler.jar
	local: no ivy file nor artifact found for org.scala-lang#scala-compiler;2.8.1
Maven2 Local: no namespace defined: using system
	no ivy file in cache for org.scala-lang#scala-compiler;2.8.1: tried C:\Documents and Settings\MARIA\.ivy2\cache\org.scala-lang\scala-compiler\ivy-2.8.1.xml
	 trying file://C:\Documents and Settings\MARIA/.m2/repository/org/scala-lang/scala-compiler/2.8.1/scala-compiler-2.8.1.pom
		tried file://C:\Documents and Settings\MARIA/.m2/repository/org/scala-lang/scala-compiler/2.8.1/scala-compiler-2.8.1.pom
	Maven2 Local: resource not reachable for org/scala-lang#scala-compiler;2.8.1: res=file://C:/Documents and Settings/MARIA/.m2/repository/org/scala-lang/scala-compiler/2.8.1/scala-compiler-2.8.1.pom
	 trying file://C:\Documents and Settings\MARIA/.m2/repository/org/scala-lang/scala-compiler/2.8.1/scala-compiler-2.8.1.jar
		tried file://C:\Documents and Settings\MARIA/.m2/repository/org/scala-lang/scala-compiler/2.8.1/scala-compiler-2.8.1.jar
	Maven2 Local: resource not reachable for org/scala-lang#scala-compiler;2.8.1: res=file://C:/Documents and Settings/MARIA/.m2/repository/org/scala-lang/scala-compiler/2.8.1/scala-compiler-2.8.1.jar
	Maven2 Local: no ivy file nor artifact found for org.scala-lang#scala-compiler;2.8.1
sbt-db: no namespace defined: using system
	no ivy file in cache for org.scala-lang#scala-compiler;2.8.1: tried C:\Documents and Settings\MARIA\.ivy2\cache\org.scala-lang\scala-compiler\ivy-2.8.1.xml
	 trying http://databinder.net/repo/org.scala-lang/scala-compiler/2.8.1/ivys/ivy.xml
		tried http://databinder.net/repo/org.scala-lang/scala-compiler/2.8.1/ivys/ivy.xml
HTTP response status: 404 url=http://databinder.net/repo/org.scala-lang/scala-compiler/2.8.1/ivys/ivy.xml
CLIENT ERROR: Not Found url=http://databinder.net/repo/org.scala-lang/scala-compiler/2.8.1/ivys/ivy.xml
	sbt-db: resource not reachable for org.scala-lang#scala-compiler;2.8.1: res=http://databinder.net/repo/org.scala-lang/scala-compiler/2.8.1/ivys/ivy.xml
	 trying http://databinder.net/repo/org.scala-lang/scala-compiler/2.8.1/jars/scala-compiler.jar
		tried http://databinder.net/repo/org.scala-lang/scala-compiler/2.8.1/jars/scala-compiler.jar
HTTP response status: 404 url=http://databinder.net/repo/org.scala-lang/scala-compiler/2.8.1/jars/scala-compiler.jar
CLIENT ERROR: Not Found url=http://databinder.net/repo/org.scala-lang/scala-compiler/2.8.1/jars/scala-compiler.jar
	sbt-db: resource not reachable for org.scala-lang#scala-compiler;2.8.1: res=http://databinder.net/repo/org.scala-lang/scala-compiler/2.8.1/jars/scala-compiler.jar
	sbt-db: no ivy file nor artifact found for org.scala-lang#scala-compiler;2.8.1
Maven Central: no namespace defined: using system
	no ivy file in cache for org.scala-lang#scala-compiler;2.8.1: tried C:\Documents and Settings\MARIA\.ivy2\cache\org.scala-lang\scala-compiler\ivy-2.8.1.xml
	 trying http://repo1.maven.org/maven2/org/scala-lang/scala-compiler/2.8.1/scala-compiler-2.8.1.pom
		tried http://repo1.maven.org/maven2/org/scala-lang/scala-compiler/2.8.1/scala-compiler-2.8.1.pom
	Maven Central: found md file for org.scala-lang#scala-compiler;2.8.1
		=> http://repo1.maven.org/maven2/org/scala-lang/scala-compiler/2.8.1/scala-compiler-2.8.1.pom (2.8.1)
	parser = pom parser
	no ivy file in cache for org.scala-lang#scala-compiler;2.8.1: tried C:\Documents and Settings\MARIA\.ivy2\cache\org.scala-lang\scala-compiler\ivy-2.8.1.xml
downloading http://repo1.maven.org/maven2/org/scala-lang/scala-compiler/2.8.1/scala-compiler-2.8.1.pom ...
	Maven Central: downloading http://repo1.maven.org/maven2/org/scala-lang/scala-compiler/2.8.1/scala-compiler-2.8.1.pom
		to C:\Documents and Settings\MARIA\.ivy2\cache\org.scala-lang\scala-compiler\ivy-2.8.1.xml.original.part
	[SUCCESSFUL ] org.scala-lang#scala-compiler;2.8.1!scala-compiler.pom(pom.original) (203ms)
	 trying C:\Documents and Settings\MARIA\.ivy2/local/org.scala-lang/scala-compiler/2.8.1/jars/scala-compiler.jar
		tried C:\Documents and Settings\MARIA\.ivy2/local/org.scala-lang/scala-compiler/2.8.1/jars/scala-compiler.jar
	local: resource not reachable for org.scala-lang#scala-compiler;2.8.1: res=C:\Documents and Settings\MARIA\.ivy2\local\org.scala-lang\scala-compiler\2.8.1\jars\scala-compiler.jar
	 trying file://C:\Documents and Settings\MARIA/.m2/repository/org/scala-lang/scala-compiler/2.8.1/scala-compiler-2.8.1.jar
		tried file://C:\Documents and Settings\MARIA/.m2/repository/org/scala-lang/scala-compiler/2.8.1/scala-compiler-2.8.1.jar
	Maven2 Local: resource not reachable for org/scala-lang#scala-compiler;2.8.1: res=file://C:/Documents and Settings/MARIA/.m2/repository/org/scala-lang/scala-compiler/2.8.1/scala-compiler-2.8.1.jar
	 trying http://databinder.net/repo/org.scala-lang/scala-compiler/2.8.1/jars/scala-compiler.jar
		tried http://databinder.net/repo/org.scala-lang/scala-compiler/2.8.1/jars/scala-compiler.jar
	sbt-db: resource not reachable for org.scala-lang#scala-compiler;2.8.1: res=http://databinder.net/repo/org.scala-lang/scala-compiler/2.8.1/jars/scala-compiler.jar
	 trying http://repo1.maven.org/maven2/org/scala-lang/scala-compiler/2.8.1/scala-compiler-2.8.1.jar
		tried http://repo1.maven.org/maven2/org/scala-lang/scala-compiler/2.8.1/scala-compiler-2.8.1.jar
	 trying C:\Documents and Settings\MARIA\.ivy2/local/org.scala-lang/scala-compiler/2.8.1/sources/scala-compiler-sources.jar
		tried C:\Documents and Settings\MARIA\.ivy2/local/org.scala-lang/scala-compiler/2.8.1/sources/scala-compiler-sources.jar
	local: resource not reachable for org.scala-lang#scala-compiler;2.8.1: res=C:\Documents and Settings\MARIA\.ivy2\local\org.scala-lang\scala-compiler\2.8.1\sources\scala-compiler-sources.jar
	 trying file://C:\Documents and Settings\MARIA/.m2/repository/org/scala-lang/scala-compiler/2.8.1/scala-compiler-2.8.1-sources.jar
		tried file://C:\Documents and Settings\MARIA/.m2/repository/org/scala-lang/scala-compiler/2.8.1/scala-compiler-2.8.1-sources.jar
	Maven2 Local: resource not reachable for org/scala-lang#scala-compiler;2.8.1: res=file://C:/Documents and Settings/MARIA/.m2/repository/org/scala-lang/scala-compiler/2.8.1/scala-compiler-2.8.1-sources.jar
	 trying http://databinder.net/repo/org.scala-lang/scala-compiler/2.8.1/sources/scala-compiler-sources.jar
		tried http://databinder.net/repo/org.scala-lang/scala-compiler/2.8.1/sources/scala-compiler-sources.jar
HTTP response status: 404 url=http://databinder.net/repo/org.scala-lang/scala-compiler/2.8.1/sources/scala-compiler-sources.jar
CLIENT ERROR: Not Found url=http://databinder.net/repo/org.scala-lang/scala-compiler/2.8.1/sources/scala-compiler-sources.jar
	sbt-db: resource not reachable for org.scala-lang#scala-compiler;2.8.1: res=http://databinder.net/repo/org.scala-lang/scala-compiler/2.8.1/sources/scala-compiler-sources.jar
	 trying http://repo1.maven.org/maven2/org/scala-lang/scala-compiler/2.8.1/scala-compiler-2.8.1-sources.jar
		tried http://repo1.maven.org/maven2/org/scala-lang/scala-compiler/2.8.1/scala-compiler-2.8.1-sources.jar
source artifact found for org.scala-lang#scala-compiler;2.8.1
	 trying C:\Documents and Settings\MARIA\.ivy2/local/org.scala-lang/scala-compiler/2.8.1/javadocs/scala-compiler-javadoc.jar
		tried C:\Documents and Settings\MARIA\.ivy2/local/org.scala-lang/scala-compiler/2.8.1/javadocs/scala-compiler-javadoc.jar
	local: resource not reachable for org.scala-lang#scala-compiler;2.8.1: res=C:\Documents and Settings\MARIA\.ivy2\local\org.scala-lang\scala-compiler\2.8.1\javadocs\scala-compiler-javadoc.jar
	 trying file://C:\Documents and Settings\MARIA/.m2/repository/org/scala-lang/scala-compiler/2.8.1/scala-compiler-2.8.1-javadoc.jar
		tried file://C:\Documents and Settings\MARIA/.m2/repository/org/scala-lang/scala-compiler/2.8.1/scala-compiler-2.8.1-javadoc.jar
	Maven2 Local: resource not reachable for org/scala-lang#scala-compiler;2.8.1: res=file://C:/Documents and Settings/MARIA/.m2/repository/org/scala-lang/scala-compiler/2.8.1/scala-compiler-2.8.1-javadoc.jar
	 trying http://databinder.net/repo/org.scala-lang/scala-compiler/2.8.1/javadocs/scala-compiler-javadoc.jar
		tried http://databinder.net/repo/org.scala-lang/scala-compiler/2.8.1/javadocs/scala-compiler-javadoc.jar
HTTP response status: 404 url=http://databinder.net/repo/org.scala-lang/scala-compiler/2.8.1/javadocs/scala-compiler-javadoc.jar
CLIENT ERROR: Not Found url=http://databinder.net/repo/org.scala-lang/scala-compiler/2.8.1/javadocs/scala-compiler-javadoc.jar
	sbt-db: resource not reachable for org.scala-lang#scala-compiler;2.8.1: res=http://databinder.net/repo/org.scala-lang/scala-compiler/2.8.1/javadocs/scala-compiler-javadoc.jar
	 trying http://repo1.maven.org/maven2/org/scala-lang/scala-compiler/2.8.1/scala-compiler-2.8.1-javadoc.jar
		tried http://repo1.maven.org/maven2/org/scala-lang/scala-compiler/2.8.1/scala-compiler-2.8.1-javadoc.jar
HTTP response status: 404 url=http://repo1.maven.org/maven2/org/scala-lang/scala-compiler/2.8.1/scala-compiler-2.8.1-javadoc.jar
CLIENT ERROR: Not Found url=http://repo1.maven.org/maven2/org/scala-lang/scala-compiler/2.8.1/scala-compiler-2.8.1-javadoc.jar
	Maven Central: resource not reachable for org/scala-lang#scala-compiler;2.8.1: res=http://repo1.maven.org/maven2/org/scala-lang/scala-compiler/2.8.1/scala-compiler-2.8.1-javadoc.jar
Scala-Tools Maven2 Repository: no namespace defined: using system
	 trying http://scala-tools.org/repo-releases/org/scala-lang/scala-compiler/2.8.1/scala-compiler-2.8.1-javadoc.jar
		tried http://scala-tools.org/repo-releases/org/scala-lang/scala-compiler/2.8.1/scala-compiler-2.8.1-javadoc.jar
HTTP response status: 404 url=http://scala-tools.org/repo-releases/org/scala-lang/scala-compiler/2.8.1/scala-compiler-2.8.1-javadoc.jar
CLIENT ERROR: Not Found url=http://scala-tools.org/repo-releases/org/scala-lang/scala-compiler/2.8.1/scala-compiler-2.8.1-javadoc.jar
	Scala-Tools Maven2 Repository: resource not reachable for org/scala-lang#scala-compiler;2.8.1: res=http://scala-tools.org/repo-releases/org/scala-lang/scala-compiler/2.8.1/scala-compiler-2.8.1-javadoc.jar
Scala-Tools Maven2 Snapshots Repository: no namespace defined: using system
	 trying http://scala-tools.org/repo-snapshots/org/scala-lang/scala-compiler/2.8.1/scala-compiler-2.8.1-javadoc.jar
		tried http://scala-tools.org/repo-snapshots/org/scala-lang/scala-compiler/2.8.1/scala-compiler-2.8.1-javadoc.jar
HTTP response status: 404 url=http://scala-tools.org/repo-snapshots/org/scala-lang/scala-compiler/2.8.1/scala-compiler-2.8.1-javadoc.jar
CLIENT ERROR: Not Found url=http://scala-tools.org/repo-snapshots/org/scala-lang/scala-compiler/2.8.1/scala-compiler-2.8.1-javadoc.jar
	Scala-Tools Maven2 Snapshots Repository: resource not reachable for org/scala-lang#scala-compiler;2.8.1: res=http://scala-tools.org/repo-snapshots/org/scala-lang/scala-compiler/2.8.1/scala-compiler-2.8.1-javadoc.jar
no javadoc artifact found for org.scala-lang#scala-compiler;2.8.1
	default-cache: parsed downloaded md file for org.scala-lang#scala-compiler;2.8.1; parsed=org.scala-lang#scala-compiler;2.8.1
	checking org.scala-lang#scala-compiler;2.8.1 from Maven Central against [none]
	module revision kept as first found: org.scala-lang#scala-compiler;2.8.1 from Maven Central
	found org.scala-lang#scala-compiler;2.8.1 in Maven Central
== resolving dependencies org.scala-tools.sbt#boot-scala;1.0->org.scala-lang#scala-compiler;2.8.1 [default->runtime]
loadData of org.scala-lang#scala-compiler;2.8.1 of rootConf=default
== resolving dependencies org.scala-tools.sbt#boot-scala;1.0->org.scala-lang#scala-compiler;2.8.1 [default->compile]
loadData of org.scala-lang#scala-compiler;2.8.1 of rootConf=default
== resolving dependencies org.scala-lang#scala-compiler;2.8.1->org.scala-lang#scala-library;2.8.1 [compile->master(*)]
loadData of org.scala-lang#scala-library;2.8.1 of rootConf=default
	using redefined-public to resolve org.scala-lang#scala-library;2.8.1
redefined-public: Checking cache for: dependency: org.scala-lang#scala-library;2.8.1 {compile=[compile(*), master(*)], runtime=[runtime(*)]}
	no ivy file in cache for org.scala-lang#scala-library;2.8.1: tried C:\Documents and Settings\MARIA\.ivy2\cache\org.scala-lang\scala-library\ivy-2.8.1.xml
	no ivy file in cache for org.scala-lang#scala-library;2.8.1: tried C:\Documents and Settings\MARIA\.ivy2\cache\org.scala-lang\scala-library\ivy-2.8.1.xml
	 trying C:\Documents and Settings\MARIA\.ivy2/local/org.scala-lang/scala-library/2.8.1/ivys/ivy.xml
		tried C:\Documents and Settings\MARIA\.ivy2/local/org.scala-lang/scala-library/2.8.1/ivys/ivy.xml
	local: resource not reachable for org.scala-lang#scala-library;2.8.1: res=C:\Documents and Settings\MARIA\.ivy2\local\org.scala-lang\scala-library\2.8.1\ivys\ivy.xml
	 trying C:\Documents and Settings\MARIA\.ivy2/local/org.scala-lang/scala-library/2.8.1/jars/scala-library.jar
		tried C:\Documents and Settings\MARIA\.ivy2/local/org.scala-lang/scala-library/2.8.1/jars/scala-library.jar
	local: resource not reachable for org.scala-lang#scala-library;2.8.1: res=C:\Documents and Settings\MARIA\.ivy2\local\org.scala-lang\scala-library\2.8.1\jars\scala-library.jar
	local: no ivy file nor artifact found for org.scala-lang#scala-library;2.8.1
	no ivy file in cache for org.scala-lang#scala-library;2.8.1: tried C:\Documents and Settings\MARIA\.ivy2\cache\org.scala-lang\scala-library\ivy-2.8.1.xml
	 trying file://C:\Documents and Settings\MARIA/.m2/repository/org/scala-lang/scala-library/2.8.1/scala-library-2.8.1.pom
		tried file://C:\Documents and Settings\MARIA/.m2/repository/org/scala-lang/scala-library/2.8.1/scala-library-2.8.1.pom
	Maven2 Local: resource not reachable for org/scala-lang#scala-library;2.8.1: res=file://C:/Documents and Settings/MARIA/.m2/repository/org/scala-lang/scala-library/2.8.1/scala-library-2.8.1.pom
	 trying file://C:\Documents and Settings\MARIA/.m2/repository/org/scala-lang/scala-library/2.8.1/scala-library-2.8.1.jar
		tried file://C:\Documents and Settings\MARIA/.m2/repository/org/scala-lang/scala-library/2.8.1/scala-library-2.8.1.jar
	Maven2 Local: resource not reachable for org/scala-lang#scala-library;2.8.1: res=file://C:/Documents and Settings/MARIA/.m2/repository/org/scala-lang/scala-library/2.8.1/scala-library-2.8.1.jar
	Maven2 Local: no ivy file nor artifact found for org.scala-lang#scala-library;2.8.1
	no ivy file in cache for org.scala-lang#scala-library;2.8.1: tried C:\Documents and Settings\MARIA\.ivy2\cache\org.scala-lang\scala-library\ivy-2.8.1.xml
	 trying http://databinder.net/repo/org.scala-lang/scala-library/2.8.1/ivys/ivy.xml
		tried http://databinder.net/repo/org.scala-lang/scala-library/2.8.1/ivys/ivy.xml
HTTP response status: 404 url=http://databinder.net/repo/org.scala-lang/scala-library/2.8.1/ivys/ivy.xml
CLIENT ERROR: Not Found url=http://databinder.net/repo/org.scala-lang/scala-library/2.8.1/ivys/ivy.xml
	sbt-db: resource not reachable for org.scala-lang#scala-library;2.8.1: res=http://databinder.net/repo/org.scala-lang/scala-library/2.8.1/ivys/ivy.xml
	 trying http://databinder.net/repo/org.scala-lang/scala-library/2.8.1/jars/scala-library.jar
		tried http://databinder.net/repo/org.scala-lang/scala-library/2.8.1/jars/scala-library.jar
HTTP response status: 404 url=http://databinder.net/repo/org.scala-lang/scala-library/2.8.1/jars/scala-library.jar
CLIENT ERROR: Not Found url=http://databinder.net/repo/org.scala-lang/scala-library/2.8.1/jars/scala-library.jar
	sbt-db: resource not reachable for org.scala-lang#scala-library;2.8.1: res=http://databinder.net/repo/org.scala-lang/scala-library/2.8.1/jars/scala-library.jar
	sbt-db: no ivy file nor artifact found for org.scala-lang#scala-library;2.8.1
	no ivy file in cache for org.scala-lang#scala-library;2.8.1: tried C:\Documents and Settings\MARIA\.ivy2\cache\org.scala-lang\scala-library\ivy-2.8.1.xml
	 trying http://repo1.maven.org/maven2/org/scala-lang/scala-library/2.8.1/scala-library-2.8.1.pom
		tried http://repo1.maven.org/maven2/org/scala-lang/scala-library/2.8.1/scala-library-2.8.1.pom
	Maven Central: found md file for org.scala-lang#scala-library;2.8.1
		=> http://repo1.maven.org/maven2/org/scala-lang/scala-library/2.8.1/scala-library-2.8.1.pom (2.8.1)
	parser = pom parser
	no ivy file in cache for org.scala-lang#scala-library;2.8.1: tried C:\Documents and Settings\MARIA\.ivy2\cache\org.scala-lang\scala-library\ivy-2.8.1.xml
downloading http://repo1.maven.org/maven2/org/scala-lang/scala-library/2.8.1/scala-library-2.8.1.pom ...
	Maven Central: downloading http://repo1.maven.org/maven2/org/scala-lang/scala-library/2.8.1/scala-library-2.8.1.pom
		to C:\Documents and Settings\MARIA\.ivy2\cache\org.scala-lang\scala-library\ivy-2.8.1.xml.original.part
	[SUCCESSFUL ] org.scala-lang#scala-library;2.8.1!scala-library.pom(pom.original) (204ms)
	 trying C:\Documents and Settings\MARIA\.ivy2/local/org.scala-lang/scala-library/2.8.1/jars/scala-library.jar
		tried C:\Documents and Settings\MARIA\.ivy2/local/org.scala-lang/scala-library/2.8.1/jars/scala-library.jar
	local: resource not reachable for org.scala-lang#scala-library;2.8.1: res=C:\Documents and Settings\MARIA\.ivy2\local\org.scala-lang\scala-library\2.8.1\jars\scala-library.jar
	 trying file://C:\Documents and Settings\MARIA/.m2/repository/org/scala-lang/scala-library/2.8.1/scala-library-2.8.1.jar
		tried file://C:\Documents and Settings\MARIA/.m2/repository/org/scala-lang/scala-library/2.8.1/scala-library-2.8.1.jar
	Maven2 Local: resource not reachable for org/scala-lang#scala-library;2.8.1: res=file://C:/Documents and Settings/MARIA/.m2/repository/org/scala-lang/scala-library/2.8.1/scala-library-2.8.1.jar
	 trying http://databinder.net/repo/org.scala-lang/scala-library/2.8.1/jars/scala-library.jar
		tried http://databinder.net/repo/org.scala-lang/scala-library/2.8.1/jars/scala-library.jar
	sbt-db: resource not reachable for org.scala-lang#scala-library;2.8.1: res=http://databinder.net/repo/org.scala-lang/scala-library/2.8.1/jars/scala-library.jar
	 trying http://repo1.maven.org/maven2/org/scala-lang/scala-library/2.8.1/scala-library-2.8.1.jar
		tried http://repo1.maven.org/maven2/org/scala-lang/scala-library/2.8.1/scala-library-2.8.1.jar
	 trying C:\Documents and Settings\MARIA\.ivy2/local/org.scala-lang/scala-library/2.8.1/sources/scala-library-sources.jar
		tried C:\Documents and Settings\MARIA\.ivy2/local/org.scala-lang/scala-library/2.8.1/sources/scala-library-sources.jar
	local: resource not reachable for org.scala-lang#scala-library;2.8.1: res=C:\Documents and Settings\MARIA\.ivy2\local\org.scala-lang\scala-library\2.8.1\sources\scala-library-sources.jar
	 trying file://C:\Documents and Settings\MARIA/.m2/repository/org/scala-lang/scala-library/2.8.1/scala-library-2.8.1-sources.jar
		tried file://C:\Documents and Settings\MARIA/.m2/repository/org/scala-lang/scala-library/2.8.1/scala-library-2.8.1-sources.jar
	Maven2 Local: resource not reachable for org/scala-lang#scala-library;2.8.1: res=file://C:/Documents and Settings/MARIA/.m2/repository/org/scala-lang/scala-library/2.8.1/scala-library-2.8.1-sources.jar
	 trying http://databinder.net/repo/org.scala-lang/scala-library/2.8.1/sources/scala-library-sources.jar
		tried http://databinder.net/repo/org.scala-lang/scala-library/2.8.1/sources/scala-library-sources.jar
HTTP response status: 404 url=http://databinder.net/repo/org.scala-lang/scala-library/2.8.1/sources/scala-library-sources.jar
CLIENT ERROR: Not Found url=http://databinder.net/repo/org.scala-lang/scala-library/2.8.1/sources/scala-library-sources.jar
	sbt-db: resource not reachable for org.scala-lang#scala-library;2.8.1: res=http://databinder.net/repo/org.scala-lang/scala-library/2.8.1/sources/scala-library-sources.jar
	 trying http://repo1.maven.org/maven2/org/scala-lang/scala-library/2.8.1/scala-library-2.8.1-sources.jar
		tried http://repo1.maven.org/maven2/org/scala-lang/scala-library/2.8.1/scala-library-2.8.1-sources.jar
source artifact found for org.scala-lang#scala-library;2.8.1
	 trying C:\Documents and Settings\MARIA\.ivy2/local/org.scala-lang/scala-library/2.8.1/javadocs/scala-library-javadoc.jar
		tried C:\Documents and Settings\MARIA\.ivy2/local/org.scala-lang/scala-library/2.8.1/javadocs/scala-library-javadoc.jar
	local: resource not reachable for org.scala-lang#scala-library;2.8.1: res=C:\Documents and Settings\MARIA\.ivy2\local\org.scala-lang\scala-library\2.8.1\javadocs\scala-library-javadoc.jar
	 trying file://C:\Documents and Settings\MARIA/.m2/repository/org/scala-lang/scala-library/2.8.1/scala-library-2.8.1-javadoc.jar
		tried file://C:\Documents and Settings\MARIA/.m2/repository/org/scala-lang/scala-library/2.8.1/scala-library-2.8.1-javadoc.jar
	Maven2 Local: resource not reachable for org/scala-lang#scala-library;2.8.1: res=file://C:/Documents and Settings/MARIA/.m2/repository/org/scala-lang/scala-library/2.8.1/scala-library-2.8.1-javadoc.jar
	 trying http://databinder.net/repo/org.scala-lang/scala-library/2.8.1/javadocs/scala-library-javadoc.jar
		tried http://databinder.net/repo/org.scala-lang/scala-library/2.8.1/javadocs/scala-library-javadoc.jar
HTTP response status: 404 url=http://databinder.net/repo/org.scala-lang/scala-library/2.8.1/javadocs/scala-library-javadoc.jar
CLIENT ERROR: Not Found url=http://databinder.net/repo/org.scala-lang/scala-library/2.8.1/javadocs/scala-library-javadoc.jar
	sbt-db: resource not reachable for org.scala-lang#scala-library;2.8.1: res=http://databinder.net/repo/org.scala-lang/scala-library/2.8.1/javadocs/scala-library-javadoc.jar
	 trying http://repo1.maven.org/maven2/org/scala-lang/scala-library/2.8.1/scala-library-2.8.1-javadoc.jar
		tried http://repo1.maven.org/maven2/org/scala-lang/scala-library/2.8.1/scala-library-2.8.1-javadoc.jar
javadoc artifact found for org.scala-lang#scala-library;2.8.1
	default-cache: parsed downloaded md file for org.scala-lang#scala-library;2.8.1; parsed=org.scala-lang#scala-library;2.8.1
	checking org.scala-lang#scala-library;2.8.1 from Maven Central against [none]
	module revision kept as first found: org.scala-lang#scala-library;2.8.1 from Maven Central
	found org.scala-lang#scala-library;2.8.1 in Maven Central
== resolving dependencies org.scala-lang#scala-compiler;2.8.1->org.scala-lang#scala-library;2.8.1 [compile->compile(*)]
loadData of org.scala-lang#scala-library;2.8.1 of rootConf=default
== resolving dependencies org.scala-lang#scala-compiler;2.8.1->org.scala-lang#scala-library;2.8.1 [compile->default]
loadData of org.scala-lang#scala-library;2.8.1 of rootConf=default
== resolving dependencies org.scala-lang#scala-compiler;2.8.1->org.scala-lang#scala-library;2.8.1 [compile->runtime]
loadData of org.scala-lang#scala-library;2.8.1 of rootConf=default
== resolving dependencies org.scala-lang#scala-compiler;2.8.1->org.scala-lang#scala-library;2.8.1 [compile->compile]
loadData of org.scala-lang#scala-library;2.8.1 of rootConf=default
== resolving dependencies org.scala-lang#scala-compiler;2.8.1->org.scala-lang#scala-library;2.8.1 [compile->master]
loadData of org.scala-lang#scala-library;2.8.1 of rootConf=default
== resolving dependencies org.scala-lang#scala-compiler;2.8.1->org.scala-lang#scala-library;2.8.1 [runtime->runtime(*)]
loadData of org.scala-lang#scala-library;2.8.1 of rootConf=default
== resolving dependencies org.scala-lang#scala-compiler;2.8.1->org.scala-lang#scala-library;2.8.1 [runtime->compile]
loadData of org.scala-lang#scala-library;2.8.1 of rootConf=default
default is loaded and no conf to load.  Skip loading
== resolving dependencies org.scala-tools.sbt#boot-scala;1.0->org.scala-lang#scala-compiler;2.8.1 [default->master]
loadData of org.scala-lang#scala-compiler;2.8.1 of rootConf=default
== resolving dependencies org.scala-tools.sbt#boot-scala;1.0->org.scala-lang#scala-compiler;2.8.1 [default->optional(default)]
loadData of org.scala-lang#scala-compiler;2.8.1 of rootConf=default
== resolving dependencies org.scala-lang#scala-compiler;2.8.1->jline#jline;0.9.91 [optional->master(*)]
loadData of jline#jline;0.9.91 of rootConf=default
	using redefined-public to resolve jline#jline;0.9.91
redefined-public: Checking cache for: dependency: jline#jline;0.9.91 {optional=[compile(*), master(*)]}
	no ivy file in cache for jline#jline;0.9.91: tried C:\Documents and Settings\MARIA\.ivy2\cache\jline\jline\ivy-0.9.91.xml
	no ivy file in cache for jline#jline;0.9.91: tried C:\Documents and Settings\MARIA\.ivy2\cache\jline\jline\ivy-0.9.91.xml
	 trying C:\Documents and Settings\MARIA\.ivy2/local/jline/jline/0.9.91/ivys/ivy.xml
		tried C:\Documents and Settings\MARIA\.ivy2/local/jline/jline/0.9.91/ivys/ivy.xml
	local: resource not reachable for jline#jline;0.9.91: res=C:\Documents and Settings\MARIA\.ivy2\local\jline\jline\0.9.91\ivys\ivy.xml
	 trying C:\Documents and Settings\MARIA\.ivy2/local/jline/jline/0.9.91/jars/jline.jar
		tried C:\Documents and Settings\MARIA\.ivy2/local/jline/jline/0.9.91/jars/jline.jar
	local: resource not reachable for jline#jline;0.9.91: res=C:\Documents and Settings\MARIA\.ivy2\local\jline\jline\0.9.91\jars\jline.jar
	local: no ivy file nor artifact found for jline#jline;0.9.91
	no ivy file in cache for jline#jline;0.9.91: tried C:\Documents and Settings\MARIA\.ivy2\cache\jline\jline\ivy-0.9.91.xml
	 trying file://C:\Documents and Settings\MARIA/.m2/repository/jline/jline/0.9.91/jline-0.9.91.pom
		tried file://C:\Documents and Settings\MARIA/.m2/repository/jline/jline/0.9.91/jline-0.9.91.pom
	Maven2 Local: resource not reachable for jline#jline;0.9.91: res=file://C:/Documents and Settings/MARIA/.m2/repository/jline/jline/0.9.91/jline-0.9.91.pom
	 trying file://C:\Documents and Settings\MARIA/.m2/repository/jline/jline/0.9.91/jline-0.9.91.jar
		tried file://C:\Documents and Settings\MARIA/.m2/repository/jline/jline/0.9.91/jline-0.9.91.jar
	Maven2 Local: resource not reachable for jline#jline;0.9.91: res=file://C:/Documents and Settings/MARIA/.m2/repository/jline/jline/0.9.91/jline-0.9.91.jar
	Maven2 Local: no ivy file nor artifact found for jline#jline;0.9.91
	no ivy file in cache for jline#jline;0.9.91: tried C:\Documents and Settings\MARIA\.ivy2\cache\jline\jline\ivy-0.9.91.xml
	 trying http://databinder.net/repo/jline/jline/0.9.91/ivys/ivy.xml
		tried http://databinder.net/repo/jline/jline/0.9.91/ivys/ivy.xml
HTTP response status: 404 url=http://databinder.net/repo/jline/jline/0.9.91/ivys/ivy.xml
CLIENT ERROR: Not Found url=http://databinder.net/repo/jline/jline/0.9.91/ivys/ivy.xml
	sbt-db: resource not reachable for jline#jline;0.9.91: res=http://databinder.net/repo/jline/jline/0.9.91/ivys/ivy.xml
	 trying http://databinder.net/repo/jline/jline/0.9.91/jars/jline.jar
		tried http://databinder.net/repo/jline/jline/0.9.91/jars/jline.jar
HTTP response status: 404 url=http://databinder.net/repo/jline/jline/0.9.91/jars/jline.jar
CLIENT ERROR: Not Found url=http://databinder.net/repo/jline/jline/0.9.91/jars/jline.jar
	sbt-db: resource not reachable for jline#jline;0.9.91: res=http://databinder.net/repo/jline/jline/0.9.91/jars/jline.jar
	sbt-db: no ivy file nor artifact found for jline#jline;0.9.91
	no ivy file in cache for jline#jline;0.9.91: tried C:\Documents and Settings\MARIA\.ivy2\cache\jline\jline\ivy-0.9.91.xml
	 trying http://repo1.maven.org/maven2/jline/jline/0.9.91/jline-0.9.91.pom
		tried http://repo1.maven.org/maven2/jline/jline/0.9.91/jline-0.9.91.pom
	Maven Central: found md file for jline#jline;0.9.91
		=> http://repo1.maven.org/maven2/jline/jline/0.9.91/jline-0.9.91.pom (0.9.91)
	parser = pom parser
	no ivy file in cache for jline#jline;0.9.91: tried C:\Documents and Settings\MARIA\.ivy2\cache\jline\jline\ivy-0.9.91.xml
downloading http://repo1.maven.org/maven2/jline/jline/0.9.91/jline-0.9.91.pom ...
	Maven Central: downloading http://repo1.maven.org/maven2/jline/jline/0.9.91/jline-0.9.91.pom
		to C:\Documents and Settings\MARIA\.ivy2\cache\jline\jline\ivy-0.9.91.xml.original.part
	[SUCCESSFUL ] jline#jline;0.9.91!jline.pom(pom.original) (218ms)
	 trying C:\Documents and Settings\MARIA\.ivy2/local/jline/jline/0.9.91/jars/jline.jar
		tried C:\Documents and Settings\MARIA\.ivy2/local/jline/jline/0.9.91/jars/jline.jar
	local: resource not reachable for jline#jline;0.9.91: res=C:\Documents and Settings\MARIA\.ivy2\local\jline\jline\0.9.91\jars\jline.jar
	 trying file://C:\Documents and Settings\MARIA/.m2/repository/jline/jline/0.9.91/jline-0.9.91.jar
		tried file://C:\Documents and Settings\MARIA/.m2/repository/jline/jline/0.9.91/jline-0.9.91.jar
	Maven2 Local: resource not reachable for jline#jline;0.9.91: res=file://C:/Documents and Settings/MARIA/.m2/repository/jline/jline/0.9.91/jline-0.9.91.jar
	 trying http://databinder.net/repo/jline/jline/0.9.91/jars/jline.jar
		tried http://databinder.net/repo/jline/jline/0.9.91/jars/jline.jar
	sbt-db: resource not reachable for jline#jline;0.9.91: res=http://databinder.net/repo/jline/jline/0.9.91/jars/jline.jar
	 trying http://repo1.maven.org/maven2/jline/jline/0.9.91/jline-0.9.91.jar
		tried http://repo1.maven.org/maven2/jline/jline/0.9.91/jline-0.9.91.jar
	 trying C:\Documents and Settings\MARIA\.ivy2/local/jline/jline/0.9.91/sources/jline-sources.jar
		tried C:\Documents and Settings\MARIA\.ivy2/local/jline/jline/0.9.91/sources/jline-sources.jar
	local: resource not reachable for jline#jline;0.9.91: res=C:\Documents and Settings\MARIA\.ivy2\local\jline\jline\0.9.91\sources\jline-sources.jar
	 trying file://C:\Documents and Settings\MARIA/.m2/repository/jline/jline/0.9.91/jline-0.9.91-sources.jar
		tried file://C:\Documents and Settings\MARIA/.m2/repository/jline/jline/0.9.91/jline-0.9.91-sources.jar
	Maven2 Local: resource not reachable for jline#jline;0.9.91: res=file://C:/Documents and Settings/MARIA/.m2/repository/jline/jline/0.9.91/jline-0.9.91-sources.jar
	 trying http://databinder.net/repo/jline/jline/0.9.91/sources/jline-sources.jar
		tried http://databinder.net/repo/jline/jline/0.9.91/sources/jline-sources.jar
HTTP response status: 404 url=http://databinder.net/repo/jline/jline/0.9.91/sources/jline-sources.jar
CLIENT ERROR: Not Found url=http://databinder.net/repo/jline/jline/0.9.91/sources/jline-sources.jar
	sbt-db: resource not reachable for jline#jline;0.9.91: res=http://databinder.net/repo/jline/jline/0.9.91/sources/jline-sources.jar
	 trying http://repo1.maven.org/maven2/jline/jline/0.9.91/jline-0.9.91-sources.jar
		tried http://repo1.maven.org/maven2/jline/jline/0.9.91/jline-0.9.91-sources.jar
source artifact found for jline#jline;0.9.91
	 trying C:\Documents and Settings\MARIA\.ivy2/local/jline/jline/0.9.91/javadocs/jline-javadoc.jar
		tried C:\Documents and Settings\MARIA\.ivy2/local/jline/jline/0.9.91/javadocs/jline-javadoc.jar
	local: resource not reachable for jline#jline;0.9.91: res=C:\Documents and Settings\MARIA\.ivy2\local\jline\jline\0.9.91\javadocs\jline-javadoc.jar
	 trying file://C:\Documents and Settings\MARIA/.m2/repository/jline/jline/0.9.91/jline-0.9.91-javadoc.jar
		tried file://C:\Documents and Settings\MARIA/.m2/repository/jline/jline/0.9.91/jline-0.9.91-javadoc.jar
	Maven2 Local: resource not reachable for jline#jline;0.9.91: res=file://C:/Documents and Settings/MARIA/.m2/repository/jline/jline/0.9.91/jline-0.9.91-javadoc.jar
	 trying http://databinder.net/repo/jline/jline/0.9.91/javadocs/jline-javadoc.jar
		tried http://databinder.net/repo/jline/jline/0.9.91/javadocs/jline-javadoc.jar
HTTP response status: 404 url=http://databinder.net/repo/jline/jline/0.9.91/javadocs/jline-javadoc.jar
CLIENT ERROR: Not Found url=http://databinder.net/repo/jline/jline/0.9.91/javadocs/jline-javadoc.jar
	sbt-db: resource not reachable for jline#jline;0.9.91: res=http://databinder.net/repo/jline/jline/0.9.91/javadocs/jline-javadoc.jar
	 trying http://repo1.maven.org/maven2/jline/jline/0.9.91/jline-0.9.91-javadoc.jar
		tried http://repo1.maven.org/maven2/jline/jline/0.9.91/jline-0.9.91-javadoc.jar
HTTP response status: 404 url=http://repo1.maven.org/maven2/jline/jline/0.9.91/jline-0.9.91-javadoc.jar
CLIENT ERROR: Not Found url=http://repo1.maven.org/maven2/jline/jline/0.9.91/jline-0.9.91-javadoc.jar
	Maven Central: resource not reachable for jline#jline;0.9.91: res=http://repo1.maven.org/maven2/jline/jline/0.9.91/jline-0.9.91-javadoc.jar
	 trying http://scala-tools.org/repo-releases/jline/jline/0.9.91/jline-0.9.91-javadoc.jar
		tried http://scala-tools.org/repo-releases/jline/jline/0.9.91/jline-0.9.91-javadoc.jar
HTTP response status: 404 url=http://scala-tools.org/repo-releases/jline/jline/0.9.91/jline-0.9.91-javadoc.jar
CLIENT ERROR: Not Found url=http://scala-tools.org/repo-releases/jline/jline/0.9.91/jline-0.9.91-javadoc.jar
	Scala-Tools Maven2 Repository: resource not reachable for jline#jline;0.9.91: res=http://scala-tools.org/repo-releases/jline/jline/0.9.91/jline-0.9.91-javadoc.jar
	 trying http://scala-tools.org/repo-snapshots/jline/jline/0.9.91/jline-0.9.91-javadoc.jar
		tried http://scala-tools.org/repo-snapshots/jline/jline/0.9.91/jline-0.9.91-javadoc.jar
HTTP response status: 404 url=http://scala-tools.org/repo-snapshots/jline/jline/0.9.91/jline-0.9.91-javadoc.jar
CLIENT ERROR: Not Found url=http://scala-tools.org/repo-snapshots/jline/jline/0.9.91/jline-0.9.91-javadoc.jar
	Scala-Tools Maven2 Snapshots Repository: resource not reachable for jline#jline;0.9.91: res=http://scala-tools.org/repo-snapshots/jline/jline/0.9.91/jline-0.9.91-javadoc.jar
no javadoc artifact found for jline#jline;0.9.91
	default-cache: parsed downloaded md file for jline#jline;0.9.91; parsed=jline#jline;0.9.91
	checking jline#jline;0.9.91 from Maven Central against [none]
	module revision kept as first found: jline#jline;0.9.91 from Maven Central
	found jline#jline;0.9.91 in Maven Central
== resolving dependencies org.scala-lang#scala-compiler;2.8.1->jline#jline;0.9.91 [optional->compile(*)]
loadData of jline#jline;0.9.91 of rootConf=default
== resolving dependencies jline#jline;0.9.91->junit#junit;3.8.1 [compile->master(*)]
loadData of junit#junit;3.8.1 of rootConf=default
	using redefined-public to resolve junit#junit;3.8.1
redefined-public: Checking cache for: dependency: junit#junit;3.8.1 {compile=[compile(*), master(*)], runtime=[runtime(*)]}
	no ivy file in cache for junit#junit;3.8.1: tried C:\Documents and Settings\MARIA\.ivy2\cache\junit\junit\ivy-3.8.1.xml
	no ivy file in cache for junit#junit;3.8.1: tried C:\Documents and Settings\MARIA\.ivy2\cache\junit\junit\ivy-3.8.1.xml
	 trying C:\Documents and Settings\MARIA\.ivy2/local/junit/junit/3.8.1/ivys/ivy.xml
		tried C:\Documents and Settings\MARIA\.ivy2/local/junit/junit/3.8.1/ivys/ivy.xml
	local: resource not reachable for junit#junit;3.8.1: res=C:\Documents and Settings\MARIA\.ivy2\local\junit\junit\3.8.1\ivys\ivy.xml
	 trying C:\Documents and Settings\MARIA\.ivy2/local/junit/junit/3.8.1/jars/junit.jar
		tried C:\Documents and Settings\MARIA\.ivy2/local/junit/junit/3.8.1/jars/junit.jar
	local: resource not reachable for junit#junit;3.8.1: res=C:\Documents and Settings\MARIA\.ivy2\local\junit\junit\3.8.1\jars\junit.jar
	local: no ivy file nor artifact found for junit#junit;3.8.1
	no ivy file in cache for junit#junit;3.8.1: tried C:\Documents and Settings\MARIA\.ivy2\cache\junit\junit\ivy-3.8.1.xml
	 trying file://C:\Documents and Settings\MARIA/.m2/repository/junit/junit/3.8.1/junit-3.8.1.pom
		tried file://C:\Documents and Settings\MARIA/.m2/repository/junit/junit/3.8.1/junit-3.8.1.pom
	Maven2 Local: resource not reachable for junit#junit;3.8.1: res=file://C:/Documents and Settings/MARIA/.m2/repository/junit/junit/3.8.1/junit-3.8.1.pom
	 trying file://C:\Documents and Settings\MARIA/.m2/repository/junit/junit/3.8.1/junit-3.8.1.jar
		tried file://C:\Documents and Settings\MARIA/.m2/repository/junit/junit/3.8.1/junit-3.8.1.jar
	Maven2 Local: resource not reachable for junit#junit;3.8.1: res=file://C:/Documents and Settings/MARIA/.m2/repository/junit/junit/3.8.1/junit-3.8.1.jar
	Maven2 Local: no ivy file nor artifact found for junit#junit;3.8.1
	no ivy file in cache for junit#junit;3.8.1: tried C:\Documents and Settings\MARIA\.ivy2\cache\junit\junit\ivy-3.8.1.xml
	 trying http://databinder.net/repo/junit/junit/3.8.1/ivys/ivy.xml
		tried http://databinder.net/repo/junit/junit/3.8.1/ivys/ivy.xml
HTTP response status: 404 url=http://databinder.net/repo/junit/junit/3.8.1/ivys/ivy.xml
CLIENT ERROR: Not Found url=http://databinder.net/repo/junit/junit/3.8.1/ivys/ivy.xml
	sbt-db: resource not reachable for junit#junit;3.8.1: res=http://databinder.net/repo/junit/junit/3.8.1/ivys/ivy.xml
	 trying http://databinder.net/repo/junit/junit/3.8.1/jars/junit.jar
		tried http://databinder.net/repo/junit/junit/3.8.1/jars/junit.jar
HTTP response status: 404 url=http://databinder.net/repo/junit/junit/3.8.1/jars/junit.jar
CLIENT ERROR: Not Found url=http://databinder.net/repo/junit/junit/3.8.1/jars/junit.jar
	sbt-db: resource not reachable for junit#junit;3.8.1: res=http://databinder.net/repo/junit/junit/3.8.1/jars/junit.jar
	sbt-db: no ivy file nor artifact found for junit#junit;3.8.1
	no ivy file in cache for junit#junit;3.8.1: tried C:\Documents and Settings\MARIA\.ivy2\cache\junit\junit\ivy-3.8.1.xml
	 trying http://repo1.maven.org/maven2/junit/junit/3.8.1/junit-3.8.1.pom
		tried http://repo1.maven.org/maven2/junit/junit/3.8.1/junit-3.8.1.pom
	Maven Central: found md file for junit#junit;3.8.1
		=> http://repo1.maven.org/maven2/junit/junit/3.8.1/junit-3.8.1.pom (3.8.1)
	parser = pom parser
	no ivy file in cache for junit#junit;3.8.1: tried C:\Documents and Settings\MARIA\.ivy2\cache\junit\junit\ivy-3.8.1.xml
downloading http://repo1.maven.org/maven2/junit/junit/3.8.1/junit-3.8.1.pom ...
	Maven Central: downloading http://repo1.maven.org/maven2/junit/junit/3.8.1/junit-3.8.1.pom
		to C:\Documents and Settings\MARIA\.ivy2\cache\junit\junit\ivy-3.8.1.xml.original.part
	[SUCCESSFUL ] junit#junit;3.8.1!junit.pom(pom.original) (219ms)
	 trying C:\Documents and Settings\MARIA\.ivy2/local/junit/junit/3.8.1/jars/junit.jar
		tried C:\Documents and Settings\MARIA\.ivy2/local/junit/junit/3.8.1/jars/junit.jar
	local: resource not reachable for junit#junit;3.8.1: res=C:\Documents and Settings\MARIA\.ivy2\local\junit\junit\3.8.1\jars\junit.jar
	 trying file://C:\Documents and Settings\MARIA/.m2/repository/junit/junit/3.8.1/junit-3.8.1.jar
		tried file://C:\Documents and Settings\MARIA/.m2/repository/junit/junit/3.8.1/junit-3.8.1.jar
	Maven2 Local: resource not reachable for junit#junit;3.8.1: res=file://C:/Documents and Settings/MARIA/.m2/repository/junit/junit/3.8.1/junit-3.8.1.jar
	 trying http://databinder.net/repo/junit/junit/3.8.1/jars/junit.jar
		tried http://databinder.net/repo/junit/junit/3.8.1/jars/junit.jar
	sbt-db: resource not reachable for junit#junit;3.8.1: res=http://databinder.net/repo/junit/junit/3.8.1/jars/junit.jar
	 trying http://repo1.maven.org/maven2/junit/junit/3.8.1/junit-3.8.1.jar
		tried http://repo1.maven.org/maven2/junit/junit/3.8.1/junit-3.8.1.jar
	 trying C:\Documents and Settings\MARIA\.ivy2/local/junit/junit/3.8.1/sources/junit-sources.jar
		tried C:\Documents and Settings\MARIA\.ivy2/local/junit/junit/3.8.1/sources/junit-sources.jar
	local: resource not reachable for junit#junit;3.8.1: res=C:\Documents and Settings\MARIA\.ivy2\local\junit\junit\3.8.1\sources\junit-sources.jar
	 trying file://C:\Documents and Settings\MARIA/.m2/repository/junit/junit/3.8.1/junit-3.8.1-sources.jar
		tried file://C:\Documents and Settings\MARIA/.m2/repository/junit/junit/3.8.1/junit-3.8.1-sources.jar
	Maven2 Local: resource not reachable for junit#junit;3.8.1: res=file://C:/Documents and Settings/MARIA/.m2/repository/junit/junit/3.8.1/junit-3.8.1-sources.jar
	 trying http://databinder.net/repo/junit/junit/3.8.1/sources/junit-sources.jar
		tried http://databinder.net/repo/junit/junit/3.8.1/sources/junit-sources.jar
HTTP response status: 404 url=http://databinder.net/repo/junit/junit/3.8.1/sources/junit-sources.jar
CLIENT ERROR: Not Found url=http://databinder.net/repo/junit/junit/3.8.1/sources/junit-sources.jar
	sbt-db: resource not reachable for junit#junit;3.8.1: res=http://databinder.net/repo/junit/junit/3.8.1/sources/junit-sources.jar
	 trying http://repo1.maven.org/maven2/junit/junit/3.8.1/junit-3.8.1-sources.jar
		tried http://repo1.maven.org/maven2/junit/junit/3.8.1/junit-3.8.1-sources.jar
source artifact found for junit#junit;3.8.1
	 trying C:\Documents and Settings\MARIA\.ivy2/local/junit/junit/3.8.1/javadocs/junit-javadoc.jar
		tried C:\Documents and Settings\MARIA\.ivy2/local/junit/junit/3.8.1/javadocs/junit-javadoc.jar
	local: resource not reachable for junit#junit;3.8.1: res=C:\Documents and Settings\MARIA\.ivy2\local\junit\junit\3.8.1\javadocs\junit-javadoc.jar
	 trying file://C:\Documents and Settings\MARIA/.m2/repository/junit/junit/3.8.1/junit-3.8.1-javadoc.jar
		tried file://C:\Documents and Settings\MARIA/.m2/repository/junit/junit/3.8.1/junit-3.8.1-javadoc.jar
	Maven2 Local: resource not reachable for junit#junit;3.8.1: res=file://C:/Documents and Settings/MARIA/.m2/repository/junit/junit/3.8.1/junit-3.8.1-javadoc.jar
	 trying http://databinder.net/repo/junit/junit/3.8.1/javadocs/junit-javadoc.jar
		tried http://databinder.net/repo/junit/junit/3.8.1/javadocs/junit-javadoc.jar
HTTP response status: 404 url=http://databinder.net/repo/junit/junit/3.8.1/javadocs/junit-javadoc.jar
CLIENT ERROR: Not Found url=http://databinder.net/repo/junit/junit/3.8.1/javadocs/junit-javadoc.jar
	sbt-db: resource not reachable for junit#junit;3.8.1: res=http://databinder.net/repo/junit/junit/3.8.1/javadocs/junit-javadoc.jar
	 trying http://repo1.maven.org/maven2/junit/junit/3.8.1/junit-3.8.1-javadoc.jar
		tried http://repo1.maven.org/maven2/junit/junit/3.8.1/junit-3.8.1-javadoc.jar
HTTP response status: 404 url=http://repo1.maven.org/maven2/junit/junit/3.8.1/junit-3.8.1-javadoc.jar
CLIENT ERROR: Not Found url=http://repo1.maven.org/maven2/junit/junit/3.8.1/junit-3.8.1-javadoc.jar
	Maven Central: resource not reachable for junit#junit;3.8.1: res=http://repo1.maven.org/maven2/junit/junit/3.8.1/junit-3.8.1-javadoc.jar
	 trying http://scala-tools.org/repo-releases/junit/junit/3.8.1/junit-3.8.1-javadoc.jar
		tried http://scala-tools.org/repo-releases/junit/junit/3.8.1/junit-3.8.1-javadoc.jar
HTTP response status: 404 url=http://scala-tools.org/repo-releases/junit/junit/3.8.1/junit-3.8.1-javadoc.jar
CLIENT ERROR: Not Found url=http://scala-tools.org/repo-releases/junit/junit/3.8.1/junit-3.8.1-javadoc.jar
	Scala-Tools Maven2 Repository: resource not reachable for junit#junit;3.8.1: res=http://scala-tools.org/repo-releases/junit/junit/3.8.1/junit-3.8.1-javadoc.jar
	 trying http://scala-tools.org/repo-snapshots/junit/junit/3.8.1/junit-3.8.1-javadoc.jar
		tried http://scala-tools.org/repo-snapshots/junit/junit/3.8.1/junit-3.8.1-javadoc.jar
HTTP response status: 404 url=http://scala-tools.org/repo-snapshots/junit/junit/3.8.1/junit-3.8.1-javadoc.jar
CLIENT ERROR: Not Found url=http://scala-tools.org/repo-snapshots/junit/junit/3.8.1/junit-3.8.1-javadoc.jar
	Scala-Tools Maven2 Snapshots Repository: resource not reachable for junit#junit;3.8.1: res=http://scala-tools.org/repo-snapshots/junit/junit/3.8.1/junit-3.8.1-javadoc.jar
no javadoc artifact found for junit#junit;3.8.1
	default-cache: parsed downloaded md file for junit#junit;3.8.1; parsed=junit#junit;3.8.1
	checking junit#junit;3.8.1 from Maven Central against [none]
	module revision kept as first found: junit#junit;3.8.1 from Maven Central
	found junit#junit;3.8.1 in Maven Central
== resolving dependencies jline#jline;0.9.91->junit#junit;3.8.1 [compile->compile(*)]
loadData of junit#junit;3.8.1 of rootConf=default
== resolving dependencies org.scala-tools.sbt#boot-scala;1.0->org.scala-lang#scala-library;2.8.1 [default->default]
loadData of org.scala-lang#scala-library;2.8.1 of rootConf=default
default is loaded and no conf to load.  Skip loading
== resolving dependencies org.scala-tools.sbt#boot-scala;1.0->org.scala-lang#scala-library;2.8.1 [default->runtime]
loadData of org.scala-lang#scala-library;2.8.1 of rootConf=default
default is loaded and no conf to load.  Skip loading
== resolving dependencies org.scala-tools.sbt#boot-scala;1.0->org.scala-lang#scala-library;2.8.1 [default->compile]
loadData of org.scala-lang#scala-library;2.8.1 of rootConf=default
default is loaded and no conf to load.  Skip loading
== resolving dependencies org.scala-tools.sbt#boot-scala;1.0->org.scala-lang#scala-library;2.8.1 [default->master]
loadData of org.scala-lang#scala-library;2.8.1 of rootConf=default
default is loaded and no conf to load.  Skip loading
Nbr of module to sort : 4
Sort dependencies of : org.scala-lang#scala-compiler;2.8.1 / Number of dependencies = 2
Sort dependencies of : org.scala-lang#scala-library;2.8.1 / Number of dependencies = 0
Sort done for : org.scala-lang#scala-library;2.8.1
Sort dependencies of : jline#jline;0.9.91 / Number of dependencies = 1
Sort dependencies of : junit#junit;3.8.1 / Number of dependencies = 0
Sort done for : junit#junit;3.8.1
Sort done for : jline#jline;0.9.91
Sort done for : org.scala-lang#scala-compiler;2.8.1
Module descriptor is processed : org.scala-lang#scala-library;2.8.1
Module descriptor is processed : jline#jline;0.9.91
Module descriptor is processed : junit#junit;3.8.1
	resolved ivy file produced in C:\Documents and Settings\MARIA\.ivy2\cache\resolved-org.scala-tools.sbt-boot-scala-1.0.xml
:: downloading artifacts ::
	 trying http://repo1.maven.org/maven2/org/scala-lang/scala-compiler/2.8.1/scala-compiler-2.8.1.jar
		tried http://repo1.maven.org/maven2/org/scala-lang/scala-compiler/2.8.1/scala-compiler-2.8.1.jar
downloading http://repo1.maven.org/maven2/org/scala-lang/scala-compiler/2.8.1/scala-compiler-2.8.1.jar ...
	Maven Central: downloading http://repo1.maven.org/maven2/org/scala-lang/scala-compiler/2.8.1/scala-compiler-2.8.1.jar
		to C:\Documents and Settings\MARIA\.ivy2\cache\org.scala-lang\scala-compiler\jars\scala-compiler-2.8.1.jar.part
	[SUCCESSFUL ] org.scala-lang#scala-compiler;2.8.1!scala-compiler.jar (19891ms)
	 trying http://repo1.maven.org/maven2/org/scala-lang/scala-library/2.8.1/scala-library-2.8.1.jar
		tried http://repo1.maven.org/maven2/org/scala-lang/scala-library/2.8.1/scala-library-2.8.1.jar
downloading http://repo1.maven.org/maven2/org/scala-lang/scala-library/2.8.1/scala-library-2.8.1.jar ...
	Maven Central: downloading http://repo1.maven.org/maven2/org/scala-lang/scala-library/2.8.1/scala-library-2.8.1.jar
		to C:\Documents and Settings\MARIA\.ivy2\cache\org.scala-lang\scala-library\jars\scala-library-2.8.1.jar.part
	[SUCCESSFUL ] org.scala-lang#scala-library;2.8.1!scala-library.jar (14657ms)
	 trying http://repo1.maven.org/maven2/jline/jline/0.9.91/jline-0.9.91.jar
		tried http://repo1.maven.org/maven2/jline/jline/0.9.91/jline-0.9.91.jar
downloading http://repo1.maven.org/maven2/jline/jline/0.9.91/jline-0.9.91.jar ...
	Maven Central: downloading http://repo1.maven.org/maven2/jline/jline/0.9.91/jline-0.9.91.jar
		to C:\Documents and Settings\MARIA\.ivy2\cache\jline\jline\jars\jline-0.9.91.jar.part
	[SUCCESSFUL ] jline#jline;0.9.91!jline.jar (547ms)
	 trying http://repo1.maven.org/maven2/junit/junit/3.8.1/junit-3.8.1.jar
		tried http://repo1.maven.org/maven2/junit/junit/3.8.1/junit-3.8.1.jar
downloading http://repo1.maven.org/maven2/junit/junit/3.8.1/junit-3.8.1.jar ...
	Maven Central: downloading http://repo1.maven.org/maven2/junit/junit/3.8.1/junit-3.8.1.jar
		to C:\Documents and Settings\MARIA\.ivy2\cache\junit\junit\jars\junit-3.8.1.jar.part
	[SUCCESSFUL ] junit#junit;3.8.1!junit.jar (781ms)
:: resolution report :: resolve 25984ms :: artifacts dl 35953ms
Nbr of module to sort : 4
Sort dependencies of : org.scala-lang#scala-compiler;2.8.1 / Number of dependencies = 2
Sort dependencies of : org.scala-lang#scala-library;2.8.1 / Number of dependencies = 0
Sort done for : org.scala-lang#scala-library;2.8.1
Sort dependencies of : jline#jline;0.9.91 / Number of dependencies = 1
Sort dependencies of : junit#junit;3.8.1 / Number of dependencies = 0
Sort done for : junit#junit;3.8.1
Sort done for : jline#jline;0.9.91
Sort done for : org.scala-lang#scala-compiler;2.8.1
Module descriptor is processed : org.scala-lang#scala-library;2.8.1
Module descriptor is processed : jline#jline;0.9.91
Module descriptor is processed : junit#junit;3.8.1
	report for org.scala-tools.sbt#boot-scala;1.0 default produced in C:\Documents and Settings\MARIA\.ivy2\cache\org.scala-tools.sbt-boot-scala-default.xml
	resolve done (25984ms resolve - 35953ms download)
:: retrieving :: org.scala-tools.sbt#boot-scala
	checkUpToDate=true
no explicit confs given for retrieve, using ivy file: C:\Documents and Settings\MARIA\.ivy2\cache\resolved-org.scala-tools.sbt-boot-scala-1.0.xml
using ivy parser to parse C:\Documents and Settings\MARIA\.ivy2\cache\resolved-org.scala-tools.sbt-boot-scala-1.0.xml
post 1.3 ivy file: using exact as default matcher
	confs: [default]
	retrieving C:\Documents and Settings\MARIA\.ivy2\cache\jline\jline\jars\jline-0.9.91.jar
		to C:\principiante\lift\project\boot\scala-2.8.1\lib\jline.jar
	retrieving C:\Documents and Settings\MARIA\.ivy2\cache\org.scala-lang\scala-library\jars\scala-library-2.8.1.jar
		to C:\principiante\lift\project\boot\scala-2.8.1\lib\scala-library.jar
	retrieving C:\Documents and Settings\MARIA\.ivy2\cache\org.scala-lang\scala-compiler\jars\scala-compiler-2.8.1.jar
		to C:\principiante\lift\project\boot\scala-2.8.1\lib\scala-compiler.jar
	retrieving C:\Documents and Settings\MARIA\.ivy2\cache\junit\junit\jars\junit-3.8.1.jar
		to C:\principiante\lift\project\boot\scala-2.8.1\lib\junit.jar
	4 artifacts copied, 0 already retrieved (15296kB/547ms)
	retrieve done (547ms)
